05/15/2023 15:56:27 - INFO - __main__ - ** The job is running with the following arguments: **
DataArguments(dataset_name='qa_inst_train.parquet', split='train', num_workers=4)
 **** 
05/15/2023 15:56:27 - INFO - __main__ -  ===== Loading qa_inst_train.parquet =====
05/15/2023 15:56:28 - INFO - datasets.builder - Using custom data configuration default-56fc3a282b13d2c2
05/15/2023 15:56:28 - INFO - datasets.info - Loading Dataset Infos from /home/shiyuanjun/miniconda3/envs/codeRL/lib/python3.9/site-packages/datasets/packaged_modules/parquet
05/15/2023 15:56:28 - INFO - datasets.builder - Overwrite dataset info from restored data version if exists.
05/15/2023 15:56:28 - INFO - datasets.info - Loading Dataset info from /cognitive_comp/shiyuanjun/.cache/huggingface/parquet/default-56fc3a282b13d2c2/0.0.0/2a3b91fbd88a2c90d1dbbb32b460cf621d31bd5b05b934492fdef7d8d6f236ec
05/15/2023 15:57:19 - INFO - datasets.builder - Using custom data configuration default-56fc3a282b13d2c2
05/15/2023 15:57:19 - INFO - datasets.info - Loading Dataset Infos from /home/shiyuanjun/miniconda3/envs/codeRL/lib/python3.9/site-packages/datasets/packaged_modules/json
05/15/2023 15:57:19 - INFO - datasets.builder - Generating dataset json (/cognitive_comp/shiyuanjun/.cache/huggingface/json/default-56fc3a282b13d2c2/0.0.0/fe5dd6ea2639a6df622901539cb550cf8797e5a6b2dd7af1cf934bed8e233e6e)
05/15/2023 15:57:19 - INFO - datasets.download.download_manager - Downloading took 0.0 min
05/15/2023 15:57:19 - INFO - datasets.download.download_manager - Checksum Computation took 0.0 min
05/15/2023 15:57:19 - INFO - datasets.builder - Generating train split
05/15/2023 15:57:19 - WARNING - datasets.builder - Setting num_proc from 4 back to 1 for the train split to disable multiprocessing as it only contains one shard.
05/15/2023 15:58:28 - INFO - __main__ - ** The job is running with the following arguments: **
DataArguments(dataset_name='qa_inst_train.parquet', split='train', num_workers=4)
 **** 
05/15/2023 15:58:28 - INFO - __main__ -  ===== Loading qa_inst_train.parquet =====
05/15/2023 15:58:29 - INFO - datasets.builder - Using custom data configuration default-56fc3a282b13d2c2
05/15/2023 15:58:29 - INFO - datasets.info - Loading Dataset Infos from /home/shiyuanjun/miniconda3/envs/codeRL/lib/python3.9/site-packages/datasets/packaged_modules/parquet
05/15/2023 15:58:29 - INFO - datasets.builder - Overwrite dataset info from restored data version if exists.
05/15/2023 15:58:29 - INFO - datasets.info - Loading Dataset info from /cognitive_comp/shiyuanjun/.cache/huggingface/parquet/default-56fc3a282b13d2c2/0.0.0/2a3b91fbd88a2c90d1dbbb32b460cf621d31bd5b05b934492fdef7d8d6f236ec
05/15/2023 16:01:58 - INFO - __main__ - ** The job is running with the following arguments: **
DataArguments(dataset_name='train_qa_inst.parquet', split='train', num_workers=4)
 **** 
05/15/2023 16:01:58 - INFO - __main__ -  ===== Loading train_qa_inst.parquet =====
05/15/2023 16:01:59 - INFO - datasets.builder - Using custom data configuration default-2e984ffdfe9a894a
05/15/2023 16:01:59 - INFO - datasets.info - Loading Dataset Infos from /home/shiyuanjun/miniconda3/envs/codeRL/lib/python3.9/site-packages/datasets/packaged_modules/parquet
05/15/2023 16:01:59 - INFO - datasets.builder - Generating dataset parquet (/cognitive_comp/shiyuanjun/.cache/huggingface/parquet/default-2e984ffdfe9a894a/0.0.0/2a3b91fbd88a2c90d1dbbb32b460cf621d31bd5b05b934492fdef7d8d6f236ec)
05/15/2023 16:01:59 - INFO - datasets.download.download_manager - Downloading took 0.0 min
05/15/2023 16:01:59 - INFO - datasets.download.download_manager - Checksum Computation took 0.0 min
05/15/2023 16:01:59 - INFO - datasets.builder - Generating train split
05/15/2023 16:01:59 - WARNING - datasets.builder - Setting num_proc from 4 back to 1 for the train split to disable multiprocessing as it only contains one shard.
05/15/2023 16:01:59 - INFO - datasets.utils.info_utils - Unable to verify splits sizes.
05/15/2023 16:01:59 - INFO - __main__ - Dataset: Dataset({
    features: ['prompt', 'chosen', '__index_level_0__'],
    num_rows: 531
})
05/15/2023 16:01:59 - INFO - __main__ - ====== removing extra columns from The Stack ======
